<?xml version="1.0" encoding="UTF-8"?>
<!-- Generated by org.testng.reporters.JUnitXMLReporter -->
<testsuite hostname="tvl-note" name="Default test" tests="6" failures="0" timestamp="18 Feb 2015 10:31:33 GMT" time="91.158" errors="0">
  <testcase name="_01_T_ForgotPass" time="9.334" classname="wirknTest._02_SignInOut"/>
  <testcase name="_02_T_ForgotPassWrongEmail" time="12.635" classname="wirknTest._02_SignInOut"/>
  <testcase name="_03_T_ForgotPassTrueEmail" time="11.302" classname="wirknTest._02_SignInOut"/>
  <testcase name="_04_T_SignInErrTitle" time="19.777" classname="wirknTest._02_SignInOut"/>
  <testcase name="_05_T_SignIn" time="24.058" classname="wirknTest._02_SignInOut"/>
  <testcase name="_06_T_SignOut" time="7.918" classname="wirknTest._02_SignInOut"/>
</testsuite> <!-- Default test -->
